<?xml version="1.0" encoding="UTF-8"?>
<!-- Generated by org.testng.reporters.JUnitXMLReporter -->
<testsuite ignored="0" hostname="DESKTOP-ROIRK3H" failures="0" tests="2" name="Default test" time="113.586" errors="0" timestamp="06 Jul 2024 07:39:19 GMT">
  <testcase classname="com.comcase.crm.Admin1.Admin1_patient_user_Test" name="addPaitient" time="54.077"/>
  <testcase classname="com.comcase.crm.Admin1.Admin1_patient_user_Test" name="deleteUser" time="24.516"/>
</testsuite> <!-- Default test -->
