<?xml version="1.0" encoding="UTF-8"?>
<testng-results ignored="0" total="1" passed="1" failed="0" skipped="0">
  <reporter-output>
  </reporter-output>
  <suite started-at="2024-07-04T13:27:03Z" name="Default suite" finished-at="2024-07-04T13:27:38Z" duration-ms="34610">
    <groups>
    </groups>
    <test started-at="2024-07-04T13:27:03Z" name="Default test" finished-at="2024-07-04T13:27:38Z" duration-ms="34610">
      <class name="com.comcast.hms.doctorModule.BookAndCancelAppointmentAndViewInAppointmentHistory">
        <test-method is-config="true" signature="configBS()[pri:0, instance:com.comcast.hms.doctorModule.BookAndCancelAppointmentAndViewInAppointmentHistory@22f31dec]" started-at="2024-07-04T13:27:03Z" name="configBS" finished-at="2024-07-04T13:27:03Z" duration-ms="88" status="PASS">
          <reporter-output>
          </reporter-output>
        </test-method> <!-- configBS -->
        <test-method is-config="true" signature="configBC()[pri:0, instance:com.comcast.hms.doctorModule.BookAndCancelAppointmentAndViewInAppointmentHistory@22f31dec]" started-at="2024-07-04T13:27:03Z" name="configBC" finished-at="2024-07-04T13:27:16Z" duration-ms="12207" status="PASS">
          <reporter-output>
          </reporter-output>
        </test-method> <!-- configBC -->
        <test-method is-config="true" signature="configBM()[pri:0, instance:com.comcast.hms.doctorModule.BookAndCancelAppointmentAndViewInAppointmentHistory@22f31dec]" started-at="2024-07-04T13:27:16Z" name="configBM" finished-at="2024-07-04T13:27:22Z" duration-ms="5886" status="PASS">
          <reporter-output>
          </reporter-output>
        </test-method> <!-- configBM -->
        <test-method signature="BookingAndCancelAppointment()[pri:0, instance:com.comcast.hms.doctorModule.BookAndCancelAppointmentAndViewInAppointmentHistory@22f31dec]" started-at="2024-07-04T13:27:22Z" name="BookingAndCancelAppointment" finished-at="2024-07-04T13:27:36Z" duration-ms="14333" status="PASS">
          <reporter-output>
          </reporter-output>
        </test-method> <!-- BookingAndCancelAppointment -->
        <test-method is-config="true" signature="configAM()[pri:0, instance:com.comcast.hms.doctorModule.BookAndCancelAppointmentAndViewInAppointmentHistory@22f31dec]" started-at="2024-07-04T13:27:36Z" name="configAM" finished-at="2024-07-04T13:27:37Z" duration-ms="1250" status="PASS">
          <reporter-output>
          </reporter-output>
        </test-method> <!-- configAM -->
        <test-method is-config="true" signature="configAC()[pri:0, instance:com.comcast.hms.doctorModule.BookAndCancelAppointmentAndViewInAppointmentHistory@22f31dec]" started-at="2024-07-04T13:27:37Z" name="configAC" finished-at="2024-07-04T13:27:38Z" duration-ms="881" status="PASS">
          <reporter-output>
          </reporter-output>
        </test-method> <!-- configAC -->
        <test-method is-config="true" signature="configAS()[pri:0, instance:com.comcast.hms.doctorModule.BookAndCancelAppointmentAndViewInAppointmentHistory@22f31dec]" started-at="2024-07-04T13:27:38Z" name="configAS" finished-at="2024-07-04T13:27:38Z" duration-ms="0" status="PASS">
          <reporter-output>
          </reporter-output>
        </test-method> <!-- configAS -->
      </class> <!-- com.comcast.hms.doctorModule.BookAndCancelAppointmentAndViewInAppointmentHistory -->
    </test> <!-- Default test -->
  </suite> <!-- Default suite -->
</testng-results>
