<?xml version="1.0" encoding="UTF-8"?>
<!-- Generated by org.testng.reporters.JUnitXMLReporter -->
<testsuite ignored="4" hostname="DESKTOP-UU0A01F" failures="0" tests="5" name="Test" time="85.361" errors="0" timestamp="06 Jul 2024 13:56:10 GMT">
  <testcase classname="com.comcast.hms.doctorModule.AddDoctorAndVerifyInManageDoctorPageTest" name="CreateDoctorAndVerify" time="7.022"/>
  <testcase classname="com.comcast.hms.doctorModule.DoctorAddPatientAndSearchWithName" name="addingPatientAndSearch" time="5.111"/>
  <testcase classname="com.comcast.hms.doctorModule.DoctorAddingMedicalHistoryTest" name="addMedicalHistory" time="6.976"/>
  <testcase classname="com.comcast.hms.doctorModule.AddPatientWithEnteringAllDetailsAndVerifyInManagePatients" name="addPatientWithName_Contact" time="4.807"/>
  <testcase classname="com.comcast.hms.doctorModule.BookAndCancelAppointmentAndViewInAppointmentHistory" name="BookingAndCancelAppointment" time="9.598"/>
  <testcase classname="com.comcast.crm.generic.basetest.DoctorBaseClass" name="@BeforeSuite configBS" time="0.0">
    <ignored/>
  </testcase> <!-- @BeforeSuite configBS -->
  <testcase classname="com.comcast.crm.generic.basetest.DoctorBaseClass" name="@BeforeSuite configBS" time="0.0">
    <ignored/>
  </testcase> <!-- @BeforeSuite configBS -->
  <testcase classname="com.comcast.crm.generic.basetest.DoctorBaseClass" name="@AfterSuite configAS" time="0.0">
    <ignored/>
  </testcase> <!-- @AfterSuite configAS -->
  <testcase classname="com.comcast.crm.generic.basetest.DoctorBaseClass" name="@AfterSuite configAS" time="0.0">
    <ignored/>
  </testcase> <!-- @AfterSuite configAS -->
</testsuite> <!-- Test -->
